#
# There is insufficient memory for the Java Runtime Environment to continue.
# Native memory allocation (mmap) failed to map 268435456 bytes for G1 virtual space
# Possible reasons:
#   The system is out of physical RAM or swap space
#   The process is running with CompressedOops enabled, and the Java Heap may be blocking the growth of the native heap
# Possible solutions:
#   Reduce memory load on the system
#   Increase physical memory or swap space
#   Check if swap backing store is full
#   Decrease Java heap size (-Xmx/-Xms)
#   Decrease number of Java threads
#   Decrease Java thread stack sizes (-Xss)
#   Set larger code cache with -XX:ReservedCodeCacheSize=
#   JVM is running with Zero Based Compressed Oops mode in which the Java heap is
#     placed in the first 32GB address space. The Java Heap base address is the
#     maximum limit for the native heap growth. Please use -XX:HeapBaseMinAddress
#     to set the Java Heap base and to place the Java Heap above 32GB virtual address.
# This output file may be truncated or incomplete.
#
#  Out of Memory Error (os_windows.cpp:3825), pid=12048, tid=13948
#
# JRE version:  (17.0.9+7) (build )
# Java VM: OpenJDK 64-Bit Server VM (17.0.9+7-b1087.11, mixed mode, sharing, tiered, compressed oops, compressed class ptrs, g1 gc, windows-amd64)
# No core dump will be written. Minidumps are not enabled by default on client versions of Windows
#

---------------  S U M M A R Y ------------

Command Line: git4idea.http.GitAskPassApp Username for 'https://github.com': 

Host: Intel(R) Core(TM) i5-10400 CPU @ 2.90GHz, 12 cores, 15G,  Windows 10 , 64 bit Build 19041 (10.0.19041.5915)
Time: Sat Apr 25 20:28:48 2026 Hora de verano de Cuba elapsed time: 0.030243 seconds (0d 0h 0m 0s)

---------------  T H R E A D  ---------------

Current thread (0x0000019ada874bf0):  JavaThread "Unknown thread" [_thread_in_vm, id=13948, stack(0x0000008f32300000,0x0000008f32400000)]

Stack: [0x0000008f32300000,0x0000008f32400000]
Native frames: (J=compiled Java code, j=interpreted, Vv=VM code, C=native code)
V  [jvm.dll+0x688349]
V  [jvm.dll+0x841bfa]
V  [jvm.dll+0x84383e]
V  [jvm.dll+0x843ea3]
V  [jvm.dll+0x24bdef]
V  [jvm.dll+0x6850f9]
V  [jvm.dll+0x67988a]
V  [jvm.dll+0x30cbfb]
V  [jvm.dll+0x3140a6]
V  [jvm.dll+0x363ede]
V  [jvm.dll+0x36410f]
V  [jvm.dll+0x2e29c8]
V  [jvm.dll+0x2e3934]
V  [jvm.dll+0x812771]
V  [jvm.dll+0x371d41]
V  [jvm.dll+0x7f12bc]
V  [jvm.dll+0x3f59cf]
V  [jvm.dll+0x3f7601]
C  [jli.dll+0x528f]
C  [ucrtbase.dll+0x21bb2]
C  [KERNEL32.DLL+0x17374]
C  [ntdll.dll+0x4cc91]


---------------  P R O C E S S  ---------------

Threads class SMR info:
_java_thread_list=0x00007ffbc324df18, length=0, elements={
}

Java Threads: ( => current thread )

Other Threads:
  0x0000019ada8df210 GCTaskThread "GC Thread#0" [stack: 0x0000008f32400000,0x0000008f32500000] [id=20092]
  0x0000019ada8effe0 ConcurrentGCThread "G1 Main Marker" [stack: 0x0000008f32500000,0x0000008f32600000] [id=16764]
  0x0000019ada8f11a0 ConcurrentGCThread "G1 Conc#0" [stack: 0x0000008f32600000,0x0000008f32700000] [id=19028]

[error occurred during error reporting (printing all threads), id 0xc0000005, EXCEPTION_ACCESS_VIOLATION (0xc0000005) at pc=0x00007ffbc2a03597]

VM state: not at safepoint (not fully initialized)

VM Mutex/Monitor currently owned by a thread:  ([mutex/lock_event])
[0x0000019ada86fcb0] Heap_lock - owner thread: 0x0000019ada874bf0

Heap address: 0x0000000701800000, size: 4072 MB, Compressed Oops mode: Zero based, Oop shift amount: 3

CDS archive(s) mapped at: [0x0000000000000000-0x0000000000000000-0x0000000000000000), size 0, SharedBaseAddress: 0x0000000800000000, ArchiveRelocationMode: 1.
Narrow klass base: 0x0000000000000000, Narrow klass shift: 0, Narrow klass range: 0x0

GC Precious Log:
<Empty>

Heap:
 garbage-first heap   total 0K, used 0K [0x0000000701800000, 0x0000000800000000)
  region size 2048K, 0 young (0K), 0 survivors (0K)
 Metaspace       used 0K, committed 0K, reserved 0K
  class space    used 0K, committed 0K, reserved 0K

Heap Regions: E=young(eden), S=young(survivor), O=old, HS=humongous(starts), HC=humongous(continues), CS=collection set, F=free, OA=open archive, CA=closed archive, TAMS=top-at-mark-start (previous, next)

Card table byte_map: [0x0000019aedd40000,0x0000019aee540000] _byte_map_base: 0x0000019aea534000

Marking Bits (Prev, Next): (CMBitMap*) 0x0000019ada8df830, (CMBitMap*) 0x0000019ada8df870
 Prev Bits: [0x0000019aeed40000, 0x0000019af2ce0000)
 Next Bits: [0x0000019af2ce0000, 0x0000019af6c80000)

GC Heap History (0 events):
No events

Dll operation events (1 events):
Event: 0.017 Loaded shared library F:\Instalation Programs\Intellij IDEA\IntelliJ IDEA Community Edition 2023.3.3\jbr\bin\java.dll

Deoptimization events (0 events):
No events

Classes unloaded (0 events):
No events

Classes redefined (0 events):
No events

Internal exceptions (0 events):
No events

VM Operations (0 events):
No events

Events (0 events):
No events


Dynamic libraries:
0x00007ff6162a0000 - 0x00007ff6162aa000 	F:\Instalation Programs\Intellij IDEA\IntelliJ IDEA Community Edition 2023.3.3\jbr\bin\java.exe
0x00007ffc51470000 - 0x00007ffc51668000 	C:\Windows\SYSTEM32\ntdll.dll
0x00007ffc51360000 - 0x00007ffc51422000 	C:\Windows\System32\KERNEL32.DLL
0x00007ffc4edc0000 - 0x00007ffc4f0b7000 	C:\Windows\System32\KERNELBASE.dll
0x00007ffc4ec10000 - 0x00007ffc4ed10000 	C:\Windows\System32\ucrtbase.dll
0x00007ffc292e0000 - 0x00007ffc292f7000 	F:\Instalation Programs\Intellij IDEA\IntelliJ IDEA Community Edition 2023.3.3\jbr\bin\jli.dll
0x00007ffc121f0000 - 0x00007ffc1220b000 	F:\Instalation Programs\Intellij IDEA\IntelliJ IDEA Community Edition 2023.3.3\jbr\bin\VCRUNTIME140.dll
0x00007ffc50f50000 - 0x00007ffc510ed000 	C:\Windows\System32\USER32.dll
0x00007ffc4f110000 - 0x00007ffc4f132000 	C:\Windows\System32\win32u.dll
0x00007ffc510f0000 - 0x00007ffc5111b000 	C:\Windows\System32\GDI32.dll
0x00007ffc4f1e0000 - 0x00007ffc4f2f9000 	C:\Windows\System32\gdi32full.dll
0x00007ffc3fdc0000 - 0x00007ffc4005a000 	C:\Windows\WinSxS\amd64_microsoft.windows.common-controls_6595b64144ccf1df_6.0.19041.5915_none_60b4b9d171f9c7c7\COMCTL32.dll
0x00007ffc4f140000 - 0x00007ffc4f1dd000 	C:\Windows\System32\msvcp_win.dll
0x00007ffc4ff40000 - 0x00007ffc4ffde000 	C:\Windows\System32\msvcrt.dll
0x00007ffc512a0000 - 0x00007ffc512cf000 	C:\Windows\System32\IMM32.DLL
0x00007ffc28ff0000 - 0x00007ffc28ffc000 	F:\Instalation Programs\Intellij IDEA\IntelliJ IDEA Community Edition 2023.3.3\jbr\bin\vcruntime140_1.dll
0x00007ffbfe7d0000 - 0x00007ffbfe85d000 	F:\Instalation Programs\Intellij IDEA\IntelliJ IDEA Community Edition 2023.3.3\jbr\bin\msvcp140.dll
0x00007ffbc2710000 - 0x00007ffbc3392000 	F:\Instalation Programs\Intellij IDEA\IntelliJ IDEA Community Edition 2023.3.3\jbr\bin\server\jvm.dll
0x00007ffc4fd50000 - 0x00007ffc4fe01000 	C:\Windows\System32\ADVAPI32.dll
0x00007ffc4f4f0000 - 0x00007ffc4f58f000 	C:\Windows\System32\sechost.dll
0x00007ffc4fc20000 - 0x00007ffc4fd46000 	C:\Windows\System32\RPCRT4.dll
0x00007ffc4f460000 - 0x00007ffc4f487000 	C:\Windows\System32\bcrypt.dll
0x00007ffc43db0000 - 0x00007ffc43dd7000 	C:\Windows\SYSTEM32\WINMM.dll
0x00007ffc34a40000 - 0x00007ffc34a49000 	C:\Windows\SYSTEM32\WSOCK32.dll
0x00007ffc4e670000 - 0x00007ffc4e6bb000 	C:\Windows\SYSTEM32\POWRPROF.dll
0x00007ffc48a50000 - 0x00007ffc48a5a000 	C:\Windows\SYSTEM32\VERSION.dll
0x00007ffc4fbb0000 - 0x00007ffc4fc1b000 	C:\Windows\System32\WS2_32.dll
0x00007ffc4e650000 - 0x00007ffc4e662000 	C:\Windows\SYSTEM32\UMPDC.dll
0x00007ffc4c880000 - 0x00007ffc4c892000 	C:\Windows\SYSTEM32\kernel.appcore.dll
0x00007ffc4bef0000 - 0x00007ffc4befa000 	F:\Instalation Programs\Intellij IDEA\IntelliJ IDEA Community Edition 2023.3.3\jbr\bin\jimage.dll
0x00007ffc43080000 - 0x00007ffc43281000 	C:\Windows\SYSTEM32\DBGHELP.DLL
0x00007ffc356c0000 - 0x00007ffc356f4000 	C:\Windows\SYSTEM32\dbgcore.DLL
0x00007ffc4eb80000 - 0x00007ffc4ec02000 	C:\Windows\System32\bcryptPrimitives.dll
0x00007ffc2a3f0000 - 0x00007ffc2a415000 	F:\Instalation Programs\Intellij IDEA\IntelliJ IDEA Community Edition 2023.3.3\jbr\bin\java.dll

dbghelp: loaded successfully - version: 4.0.5 - missing functions: none
symbol engine: initialized successfully - sym options: 0x614 - pdb path: .;F:\Instalation Programs\Intellij IDEA\IntelliJ IDEA Community Edition 2023.3.3\jbr\bin;C:\Windows\SYSTEM32;C:\Windows\WinSxS\amd64_microsoft.windows.common-controls_6595b64144ccf1df_6.0.19041.5915_none_60b4b9d171f9c7c7;F:\Instalation Programs\Intellij IDEA\IntelliJ IDEA Community Edition 2023.3.3\jbr\bin\server

VM Arguments:
java_command: git4idea.http.GitAskPassApp Username for 'https://github.com': 
java_class_path (initial): F:/Instalation Programs/Intellij IDEA/IntelliJ IDEA Community Edition 2023.3.3/plugins/vcs-git/lib/git4idea-rt.jar;F:/Instalation Programs/Intellij IDEA/IntelliJ IDEA Community Edition 2023.3.3/lib/externalProcess-rt.jar
Launcher Type: SUN_STANDARD

[Global flags]
     intx CICompilerCount                          = 4                                         {product} {ergonomic}
     uint ConcGCThreads                            = 3                                         {product} {ergonomic}
     uint G1ConcRefinementThreads                  = 10                                        {product} {ergonomic}
   size_t G1HeapRegionSize                         = 2097152                                   {product} {ergonomic}
    uintx GCDrainStackTargetSize                   = 64                                        {product} {ergonomic}
   size_t InitialHeapSize                          = 268435456                                 {product} {ergonomic}
   size_t MarkStackSize                            = 4194304                                   {product} {ergonomic}
   size_t MaxHeapSize                              = 4269801472                                {product} {ergonomic}
   size_t MinHeapDeltaBytes                        = 2097152                                   {product} {ergonomic}
   size_t MinHeapSize                              = 8388608                                   {product} {ergonomic}
    uintx NonNMethodCodeHeapSize                   = 5839372                                {pd product} {ergonomic}
    uintx NonProfiledCodeHeapSize                  = 122909434                              {pd product} {ergonomic}
    uintx ProfiledCodeHeapSize                     = 122909434                              {pd product} {ergonomic}
    uintx ReservedCodeCacheSize                    = 251658240                              {pd product} {ergonomic}
     bool SegmentedCodeCache                       = true                                      {product} {ergonomic}
   size_t SoftMaxHeapSize                          = 4269801472                             {manageable} {ergonomic}
     bool UseCompressedClassPointers               = true                           {product lp64_product} {ergonomic}
     bool UseCompressedOops                        = true                           {product lp64_product} {ergonomic}
     bool UseG1GC                                  = true                                      {product} {ergonomic}
     bool UseLargePagesIndividualAllocation        = false                                  {pd product} {ergonomic}

Logging:
Log output configuration:
 #0: stdout all=warning uptime,level,tags
 #1: stderr all=off uptime,level,tags

Environment Variables:
PATH=F:\Instalation Programs\Git\mingw64\libexec\git-core;F:\Instalation Programs\Git\mingw64\libexec\git-core;F:\Instalation Programs\Git\mingw64\bin;F:\Instalation Programs\Git\usr\bin;C:\Users\Miguel Antonio\bin;C:\Program Files\Common Files\Oracle\Java\javapath;C:\Windows\system32;C:\Windows;C:\Windows\System32\Wbem;C:\Windows\System32\WindowsPowerShell\v1.0;C:\Windows\System32\OpenSSH;C:\Program Files\NVIDIA Corporation\NVIDIA App\NvDLISR;C:\Program Files (x86)\NVIDIA Corporation\PhysX\Common;F:\_Programacion\Instalation\apache-maven-3.9.6;F:\_Programacion\Instalation\apache-maven-3.9.6\bin;F:\Instalation Programs\Git\cmd;F:\Instalation Programs\NODEJS;C:\Program Files\Docker\Docker\resources\bin;C:\Program Files\dotnet;C:\Users\Miguel Antonio\AppData\Local\Programs\Python\Python313\Scripts;C:\Users\Miguel Antonio\AppData\Local\Programs\Python\Python313;C:\Users\Miguel Antonio\AppData\Local\Programs\Python\Launcher;C:\Users\Miguel Antonio\AppData\Local\Microsoft\WindowsApps;F:\Instalation Programs\Intellij IDEA\IntelliJ IDEA Community Edition 2023.3.3\bin;C:\Users\Miguel Antonio\AppData\Local\Programs\Microsoft VS Code\bin;C:\Users\Miguel Antonio\AppData\Roaming\npm;F:\Instalation Programs\GitHubDesktop\bin
USERNAME=Miguel Antonio
DISPLAY=:0.0
LC_ALL=en_US.UTF-8
TERM=xterm-256color
TMPDIR=C:\Users\MIGUEL~1\AppData\Local\Temp
OS=Windows_NT
PROCESSOR_IDENTIFIER=Intel64 Family 6 Model 165 Stepping 3, GenuineIntel
TMP=C:\Users\MIGUEL~1\AppData\Local\Temp
TEMP=C:\Users\MIGUEL~1\AppData\Local\Temp



Periodic native trim disabled

JNI global refs:
JNI global refs: 0, weak refs: 0

JNI global refs memory usage: 0, weak refs: 0

OOME stack traces (most recent first):
Classloader memory used:


---------------  S Y S T E M  ---------------

OS:
 Windows 10 , 64 bit Build 19041 (10.0.19041.5915)
OS uptime: 0 days 10:01 hours
Hyper-V role detected

CPU: total 12 (initial active 12) (6 cores per cpu, 2 threads per core) family 6 model 165 stepping 3 microcode 0xea, cx8, cmov, fxsr, ht, mmx, 3dnowpref, sse, sse2, sse3, ssse3, sse4.1, sse4.2, popcnt, lzcnt, tsc, tscinvbit, avx, avx2, aes, erms, clmul, bmi1, bmi2, adx, fma, vzeroupper, clflush, clflushopt, hv
Processor Information for all 12 processors :
  Max Mhz: 2904, Current Mhz: 2904, Mhz Limit: 2904

Memory: 4k page, system-wide physical 16284M (2193M free)
TotalPageFile size 30506M (AvailPageFile size 229M)
current process WorkingSet (physical memory assigned to process): 10M, peak: 10M
current process commit charge ("private bytes"): 64M, peak: 320M

vm_info: OpenJDK 64-Bit Server VM (17.0.9+7-b1087.11) for windows-amd64 JRE (17.0.9+7-b1087.11), built on 2024-01-05 by "builduser" with MS VC++ 16.10 / 16.11 (VS2019)

END.
